  [4;36;1mSQL (0.5ms)[0m   [0;1m SELECT name
 FROM sqlite_master
 WHERE type = 'table' AND NOT name = 'sqlite_sequence'
[0m
  [4;35;1mSQL (0.3ms)[0m   [0mselect sqlite_version(*)[0m
  [4;36;1mSQL (8.8ms)[0m   [0;1mCREATE TABLE "schema_migrations" ("version" varchar(255) NOT NULL) [0m
  [4;35;1mSQL (8.9ms)[0m   [0mCREATE UNIQUE INDEX "unique_schema_migrations" ON "schema_migrations" ("version")[0m
  [4;36;1mSQL (0.3ms)[0m   [0;1m SELECT name
 FROM sqlite_master
 WHERE type = 'table' AND NOT name = 'sqlite_sequence'
[0m
  [4;35;1mSQL (0.2ms)[0m   [0mSELECT version FROM schema_migrations[0m
Migrating to CreatePosts (20100220200211)
  [4;36;1mSQL (0.7ms)[0m   [0;1mCREATE TABLE "posts" ("id" INTEGER PRIMARY KEY AUTOINCREMENT NOT NULL, "author" varchar(30), "title" varchar(50), "post" text, "created_at" datetime, "updated_at" datetime) [0m
  [4;35;1mSQL (0.3ms)[0m   [0mINSERT INTO schema_migrations (version) VALUES ('20100220200211')[0m
Migrating to CreateComments (20100220200458)
  [4;36;1mSQL (1.2ms)[0m   [0;1mCREATE TABLE "comments" ("id" INTEGER PRIMARY KEY AUTOINCREMENT NOT NULL, "post_id" integer, "author" varchar(30), "site" varchar(30), "email" varchar(30), "comment" text, "created_at" datetime, "updated_at" datetime) [0m
  [4;35;1mSQL (0.2ms)[0m   [0mINSERT INTO schema_migrations (version) VALUES ('20100220200458')[0m
  [4;36;1mSQL (0.5ms)[0m   [0;1m SELECT name
 FROM sqlite_master
 WHERE type = 'table' AND NOT name = 'sqlite_sequence'
[0m
  [4;35;1mSQL (0.3ms)[0m   [0mSELECT version FROM schema_migrations[0m
  [4;36;1mSQL (0.4ms)[0m   [0;1m SELECT name
 FROM sqlite_master
 WHERE type = 'table' AND NOT name = 'sqlite_sequence'
[0m
  [4;35;1mSQL (0.1ms)[0m   [0mPRAGMA index_list("comments")[0m
  [4;36;1mSQL (0.1ms)[0m   [0;1mPRAGMA index_list("posts")[0m


Processing PostsController#index (for 127.0.0.1 at 2010-02-21 03:28:43) [GET]
  [4;36;1mPost Load (0.5ms)[0m   [0;1mSELECT * FROM "posts" [0m
Rendering template within layouts/posts
Rendering posts/index
Completed in 114ms (View: 108, DB: 0) | 200 OK [http://localhost/posts]


Processing PostsController#new (for 127.0.0.1 at 2010-02-21 03:28:45) [GET]
Rendering template within layouts/posts
Rendering posts/new
Completed in 98ms (View: 71, DB: 0) | 200 OK [http://localhost/posts/new]


Processing PostsController#create (for 127.0.0.1 at 2010-02-21 03:29:30) [POST]
  Parameters: {"commit"=>"Create", "post"=>{"post"=>"Esqueci de tirar os h dos forms e adicionar o gsub =/", "title"=>"Novo Post", "author"=>"Felipe Silveira"}, "authenticity_token"=>"lFPmknuy9JjQeCgGcyr7FsSn3CLTjaAHdd9vjXky4Sc="}
  [4;35;1mPost Create (0.5ms)[0m   [0mINSERT INTO "posts" ("created_at", "author", "title", "post", "updated_at") VALUES('2010-02-21 06:29:30', 'Felipe Silveira', 'Novo Post', 'Esqueci de tirar os h dos forms e adicionar o gsub =/', '2010-02-21 06:29:30')[0m
Redirected to http://localhost:3000/posts/1
Completed in 23ms (DB: 1) | 302 Found [http://localhost/posts]


Processing PostsController#show (for 127.0.0.1 at 2010-02-21 03:29:30) [GET]
  Parameters: {"id"=>"1"}
  [4;36;1mPost Load (0.3ms)[0m   [0;1mSELECT * FROM "posts" WHERE ("posts"."id" = 1) [0m
Rendering template within layouts/posts
Rendering posts/show

ActionView::TemplateError (undefined method `comments' for #<Post:0xb59229ac>) on line #1 of app/views/posts/_new_comment.html.erb:
1: <% form_for(@post.comments.build) do |f| %>
2:   <%= f.error_messages %>
3: 
4:   <p>

    app/views/posts/_new_comment.html.erb:1
    app/views/posts/show.html.erb:18
    app/controllers/posts_controller.rb:18:in `show'
    /usr/lib/ruby/1.8/webrick/httpserver.rb:104:in `service'
    /usr/lib/ruby/1.8/webrick/httpserver.rb:65:in `run'
    /usr/lib/ruby/1.8/webrick/server.rb:173:in `start_thread'
    /usr/lib/ruby/1.8/webrick/server.rb:162:in `start'
    /usr/lib/ruby/1.8/webrick/server.rb:162:in `start_thread'
    /usr/lib/ruby/1.8/webrick/server.rb:95:in `start'
    /usr/lib/ruby/1.8/webrick/server.rb:92:in `each'
    /usr/lib/ruby/1.8/webrick/server.rb:92:in `start'
    /usr/lib/ruby/1.8/webrick/server.rb:23:in `start'
    /usr/lib/ruby/1.8/webrick/server.rb:82:in `start'

Rendered rescues/_trace (97.6ms)
Rendered rescues/_request_and_response (1.5ms)
Rendering rescues/layout (internal_server_error)


Processing PostsController#show (for 127.0.0.1 at 2010-02-21 03:32:33) [GET]
  Parameters: {"id"=>"1"}
  [4;35;1mPost Load (0.6ms)[0m   [0mSELECT * FROM "posts" WHERE ("posts"."id" = 1) [0m
Rendering template within layouts/posts
Rendering posts/show
Rendered posts/_new_comment (21.6ms)
Completed in 505ms (View: 26, DB: 1) | 200 OK [http://localhost/posts/1]


Processing PostsController#show (for 127.0.0.1 at 2010-02-21 03:33:39) [GET]
  Parameters: {"id"=>"1"}
  [4;36;1mPost Load (0.3ms)[0m   [0;1mSELECT * FROM "posts" WHERE ("posts"."id" = 1) [0m
Rendering template within layouts/posts
Rendering posts/show
Rendered posts/_new_comment (11.3ms)
Completed in 27ms (View: 19, DB: 0) | 200 OK [http://localhost/posts/1]


Processing PostsController#show (for 127.0.0.1 at 2010-02-21 03:33:59) [GET]
  Parameters: {"id"=>"1"}
  [4;35;1mPost Load (0.6ms)[0m   [0mSELECT * FROM "posts" WHERE ("posts"."id" = 1) [0m
Rendering template within layouts/posts
Rendering posts/show
Rendered posts/_new_comment (10.8ms)
Completed in 39ms (View: 25, DB: 1) | 200 OK [http://localhost/posts/1]


Processing PostsController#show (for 127.0.0.1 at 2010-02-21 03:39:46) [GET]
  Parameters: {"id"=>"1"}
  [4;36;1mPost Load (0.6ms)[0m   [0;1mSELECT * FROM "posts" WHERE ("posts"."id" = 1) [0m
Rendering template within layouts/posts
Rendering posts/show
  [4;35;1mComment Load (0.3ms)[0m   [0mSELECT * FROM "comments" WHERE ("comments".post_id = 1) [0m
Rendered posts/_list_comments (7.9ms)
Rendered posts/_new_comment (13.4ms)
Completed in 60ms (View: 46, DB: 1) | 200 OK [http://localhost/posts/1]


Processing CommentsController#create (for 127.0.0.1 at 2010-02-21 03:40:34) [POST]
  Parameters: {"comment"=>{"comment"=>"Teste", "author"=>"Felipe", "site"=>"www.sourceprime.blogspot.com", "email"=>"febsilveira@hotmail.com"}, "commit"=>"Create", "authenticity_token"=>"lFPmknuy9JjQeCgGcyr7FsSn3CLTjaAHdd9vjXky4Sc="}
  [4;36;1mComment Create (0.7ms)[0m   [0;1mINSERT INTO "comments" ("comment", "created_at", "author", "updated_at", "post_id", "site", "email") VALUES('Teste', '2010-02-21 06:40:34', 'Felipe', '2010-02-21 06:40:34', NULL, 'www.sourceprime.blogspot.com', 'febsilveira@hotmail.com')[0m
Redirected to http://localhost:3000/comments/1
Completed in 25ms (DB: 1) | 302 Found [http://localhost/comments]


Processing CommentsController#show (for 127.0.0.1 at 2010-02-21 03:40:35) [GET]
  Parameters: {"id"=>"1"}
  [4;35;1mComment Load (0.3ms)[0m   [0mSELECT * FROM "comments" WHERE ("comments"."id" = 1) [0m
Rendering template within layouts/comments
Rendering comments/show
Completed in 23ms (View: 14, DB: 0) | 200 OK [http://localhost/comments/1]


Processing PostsController#index (for 127.0.0.1 at 2010-02-21 03:40:56) [GET]
  [4;36;1mPost Load (1.0ms)[0m   [0;1mSELECT * FROM "posts" [0m
Rendering template within layouts/posts
Rendering posts/index
Completed in 42ms (View: 9, DB: 1) | 200 OK [http://localhost/posts/]


Processing PostsController#show (for 127.0.0.1 at 2010-02-21 03:40:58) [GET]
  Parameters: {"id"=>"1"}
  [4;35;1mPost Load (0.5ms)[0m   [0mSELECT * FROM "posts" WHERE ("posts"."id" = 1) [0m
Rendering template within layouts/posts
Rendering posts/show
  [4;36;1mComment Load (0.4ms)[0m   [0;1mSELECT * FROM "comments" WHERE ("comments".post_id = 1) [0m
Rendered posts/_list_comments (7.6ms)
Rendered posts/_new_comment (13.6ms)
Completed in 40ms (View: 26, DB: 1) | 200 OK [http://localhost/posts/1]


Processing PostsController#index (for 127.0.0.1 at 2010-02-21 04:05:43) [GET]
  [4;36;1mPost Load (1.2ms)[0m   [0;1mSELECT * FROM "posts" [0m
Rendering template within layouts/posts
Rendering posts/index
Completed in 217ms (View: 162, DB: 1) | 200 OK [http://localhost/posts]


Processing PostsController#show (for 127.0.0.1 at 2010-02-21 04:05:47) [GET]
  Parameters: {"id"=>"1"}
  [4;35;1mPost Load (0.5ms)[0m   [0mSELECT * FROM "posts" WHERE ("posts"."id" = 1) [0m
  [4;36;1mComment Load (0.6ms)[0m   [0;1mSELECT * FROM "comments" [0m
Rendering template within layouts/posts
Rendering posts/show
  [4;35;1mComment Load (0.4ms)[0m   [0mSELECT * FROM "comments" WHERE ("comments".post_id = 1) [0m
Rendered posts/_list_comments (3.6ms)
Rendered posts/_new_comment (14.3ms)
Completed in 100ms (View: 56, DB: 2) | 200 OK [http://localhost/posts/1]


Processing PostsController#show (for 127.0.0.1 at 2010-02-21 04:06:20) [GET]
  Parameters: {"id"=>"1"}
  [4;36;1mPost Load (0.6ms)[0m   [0;1mSELECT * FROM "posts" WHERE ("posts"."id" = 1) [0m
  [4;35;1mComment Load (0.7ms)[0m   [0mSELECT * FROM "comments" [0m
Rendering template within layouts/posts
Rendering posts/show
Rendered posts/_list_comments (6.0ms)
Rendered posts/_new_comment (8.1ms)
Completed in 45ms (View: 25, DB: 1) | 200 OK [http://localhost/posts/1]


Processing PostsController#show (for 127.0.0.1 at 2010-02-21 04:07:00) [GET]
  Parameters: {"id"=>"1"}
  [4;36;1mPost Load (0.6ms)[0m   [0;1mSELECT * FROM "posts" WHERE ("posts"."id" = 1) [0m
  [4;35;1mComment Load (0.7ms)[0m   [0mSELECT * FROM "comments" [0m
Rendering template within layouts/posts
Rendering posts/show
Rendered posts/_list_comments (5.9ms)
Rendered posts/_new_comment (8.1ms)
Completed in 47ms (View: 26, DB: 1) | 200 OK [http://localhost/posts/1]


Processing CommentsController#create (for 127.0.0.1 at 2010-02-21 04:07:20) [POST]
  Parameters: {"comment"=>{"comment"=>"Teste 2", "author"=>"Valéria", "site"=>"", "email"=>""}, "commit"=>"Create", "authenticity_token"=>"lFPmknuy9JjQeCgGcyr7FsSn3CLTjaAHdd9vjXky4Sc="}
  [4;36;1mComment Create (0.5ms)[0m   [0;1mINSERT INTO "comments" ("comment", "created_at", "author", "updated_at", "post_id", "site", "email") VALUES('Teste 2', '2010-02-21 07:07:20', 'Valéria', '2010-02-21 07:07:20', NULL, '', '')[0m

NoMethodError (undefined method `call' for nil:NilClass):
  app/controllers/comments_controller.rb:45:in `create'
  /usr/lib/ruby/1.8/webrick/httpserver.rb:104:in `service'
  /usr/lib/ruby/1.8/webrick/httpserver.rb:65:in `run'
  /usr/lib/ruby/1.8/webrick/server.rb:173:in `start_thread'
  /usr/lib/ruby/1.8/webrick/server.rb:162:in `start'
  /usr/lib/ruby/1.8/webrick/server.rb:162:in `start_thread'
  /usr/lib/ruby/1.8/webrick/server.rb:95:in `start'
  /usr/lib/ruby/1.8/webrick/server.rb:92:in `each'
  /usr/lib/ruby/1.8/webrick/server.rb:92:in `start'
  /usr/lib/ruby/1.8/webrick/server.rb:23:in `start'
  /usr/lib/ruby/1.8/webrick/server.rb:82:in `start'

Rendered rescues/_trace (57.4ms)
Rendered rescues/_request_and_response (1.7ms)
Rendering rescues/layout (internal_server_error)


Processing CommentsController#create (for 127.0.0.1 at 2010-02-21 04:08:06) [POST]
  Parameters: {"comment"=>{"comment"=>"Teste 2", "author"=>"Valéria", "site"=>"", "email"=>""}, "commit"=>"Create", "authenticity_token"=>"lFPmknuy9JjQeCgGcyr7FsSn3CLTjaAHdd9vjXky4Sc="}
  [4;35;1mComment Create (0.3ms)[0m   [0mINSERT INTO "comments" ("comment", "created_at", "author", "updated_at", "post_id", "site", "email") VALUES('Teste 2', '2010-02-21 07:08:06', 'Valéria', '2010-02-21 07:08:06', NULL, '', '')[0m
Rendering template within layouts/comments
Rendering comments/new
Completed in 146ms (View: 128, DB: 0) | 200 OK [http://localhost/comments]


Processing CommentsController#update (for 127.0.0.1 at 2010-02-21 04:08:08) [PUT]
  Parameters: {"comment"=>{"comment"=>"Teste 2", "author"=>"Valéria", "site"=>"", "email"=>""}, "commit"=>"Create", "authenticity_token"=>"lFPmknuy9JjQeCgGcyr7FsSn3CLTjaAHdd9vjXky4Sc=", "id"=>"3"}
  [4;36;1mComment Load (0.6ms)[0m   [0;1mSELECT * FROM "comments" WHERE ("comments"."id" = 3) [0m
Redirected to http://localhost:3000/comments/3
Completed in 20ms (DB: 1) | 302 Found [http://localhost/comments/3]


Processing CommentsController#show (for 127.0.0.1 at 2010-02-21 04:08:08) [GET]
  Parameters: {"id"=>"3"}
  [4;35;1mComment Load (0.3ms)[0m   [0mSELECT * FROM "comments" WHERE ("comments"."id" = 3) [0m
Rendering template within layouts/comments
Rendering comments/show
Completed in 16ms (View: 8, DB: 0) | 200 OK [http://localhost/comments/3]


Processing PostsController#show (for 127.0.0.1 at 2010-02-21 04:08:20) [GET]
  Parameters: {"id"=>"1"}
  [4;36;1mPost Load (0.5ms)[0m   [0;1mSELECT * FROM "posts" WHERE ("posts"."id" = 1) [0m
  [4;35;1mComment Load (1.2ms)[0m   [0mSELECT * FROM "comments" [0m
Rendering template within layouts/posts
Rendering posts/show
Rendered posts/_list_comments (5.1ms)
Rendered posts/_new_comment (8.4ms)
Completed in 39ms (View: 19, DB: 2) | 200 OK [http://localhost/posts/1]


Processing CommentsController#index (for 127.0.0.1 at 2010-02-21 04:10:15) [GET]
  [4;36;1mComment Load (1.4ms)[0m   [0;1mSELECT * FROM "comments" [0m
Rendering template within layouts/comments
Rendering comments/index
Completed in 64ms (View: 51, DB: 1) | 200 OK [http://localhost/comments]


Processing CommentsController#destroy (for 127.0.0.1 at 2010-02-21 04:10:19) [DELETE]
  Parameters: {"authenticity_token"=>"lFPmknuy9JjQeCgGcyr7FsSn3CLTjaAHdd9vjXky4Sc=", "id"=>"3"}
  [4;35;1mComment Load (0.7ms)[0m   [0mSELECT * FROM "comments" WHERE ("comments"."id" = 3) [0m
  [4;36;1mComment Destroy (0.3ms)[0m   [0;1mDELETE FROM "comments" WHERE "id" = 3[0m
Redirected to http://localhost:3000/comments
Completed in 35ms (DB: 1) | 302 Found [http://localhost/comments/3]


Processing CommentsController#index (for 127.0.0.1 at 2010-02-21 04:10:19) [GET]
  [4;35;1mComment Load (0.7ms)[0m   [0mSELECT * FROM "comments" [0m
Rendering template within layouts/comments
Rendering comments/index
Completed in 23ms (View: 16, DB: 1) | 200 OK [http://localhost/comments]


Processing CommentsController#destroy (for 127.0.0.1 at 2010-02-21 04:10:22) [DELETE]
  Parameters: {"authenticity_token"=>"lFPmknuy9JjQeCgGcyr7FsSn3CLTjaAHdd9vjXky4Sc=", "id"=>"2"}
  [4;36;1mComment Load (0.5ms)[0m   [0;1mSELECT * FROM "comments" WHERE ("comments"."id" = 2) [0m
  [4;35;1mComment Destroy (0.2ms)[0m   [0mDELETE FROM "comments" WHERE "id" = 2[0m
Redirected to http://localhost:3000/comments
Completed in 24ms (DB: 1) | 302 Found [http://localhost/comments/2]


Processing CommentsController#index (for 127.0.0.1 at 2010-02-21 04:10:22) [GET]
  [4;36;1mComment Load (0.6ms)[0m   [0;1mSELECT * FROM "comments" [0m
Rendering template within layouts/comments
Rendering comments/index
Completed in 15ms (View: 9, DB: 1) | 200 OK [http://localhost/comments]


Processing PostsController#show (for 127.0.0.1 at 2010-02-21 04:10:26) [GET]
  Parameters: {"id"=>"1"}
  [4;35;1mPost Load (0.5ms)[0m   [0mSELECT * FROM "posts" WHERE ("posts"."id" = 1) [0m
  [4;36;1mComment Load (0.7ms)[0m   [0;1mSELECT * FROM "comments" [0m
Rendering template within layouts/posts
Rendering posts/show
Rendered posts/_list_comments (5.0ms)
Rendered posts/_new_comment (10.0ms)
Completed in 42ms (View: 21, DB: 1) | 200 OK [http://localhost/posts/1]


Processing CommentsController#index (for 127.0.0.1 at 2010-02-21 04:10:56) [GET]
  [4;35;1mComment Load (1.0ms)[0m   [0mSELECT * FROM "comments" [0m
Rendering template within layouts/comments
Rendering comments/index
Completed in 30ms (View: 16, DB: 1) | 200 OK [http://localhost/comments]


Processing CommentsController#create (for 127.0.0.1 at 2010-02-21 04:11:03) [POST]
  Parameters: {"comment"=>{"comment"=>"teste 2", "author"=>"Valéria", "site"=>"", "email"=>""}, "commit"=>"Create", "authenticity_token"=>"lFPmknuy9JjQeCgGcyr7FsSn3CLTjaAHdd9vjXky4Sc="}
  [4;36;1mComment Create (0.3ms)[0m   [0;1mINSERT INTO "comments" ("comment", "created_at", "author", "updated_at", "post_id", "site", "email") VALUES('teste 2', '2010-02-21 07:11:03', 'Valéria', '2010-02-21 07:11:03', NULL, '', '')[0m
Rendering template within layouts/comments
Rendering comments/new
Completed in 55ms (View: 8, DB: 0) | 200 OK [http://localhost/comments]


Processing CommentsController#index (for 127.0.0.1 at 2010-02-21 04:11:12) [GET]
  [4;35;1mComment Load (19.6ms)[0m   [0mSELECT * FROM "comments" [0m
Rendering template within layouts/comments
Rendering comments/index
Completed in 43ms (View: 14, DB: 20) | 200 OK [http://localhost/comments]


Processing PostsController#index (for 127.0.0.1 at 2010-02-21 04:14:03) [GET]
  [4;36;1mPost Load (1.0ms)[0m   [0;1mSELECT * FROM "posts" [0m
Rendering template within layouts/posts
Rendering posts/index
Completed in 24ms (View: 13, DB: 1) | 200 OK [http://localhost/posts]


Processing PostsController#show (for 127.0.0.1 at 2010-02-21 04:14:06) [GET]
  Parameters: {"id"=>"1"}
  [4;35;1mPost Load (0.5ms)[0m   [0mSELECT * FROM "posts" WHERE ("posts"."id" = 1) [0m
  [4;36;1mComment Load (0.8ms)[0m   [0;1mSELECT * FROM "comments" [0m
Rendering template within layouts/posts
Rendering posts/show
Rendered posts/_list_comments (76.5ms)
Rendered posts/_new_comment (5.0ms)
Completed in 106ms (View: 86, DB: 1) | 200 OK [http://localhost/posts/1]


Processing CommentsController#create (for 127.0.0.1 at 2010-02-21 04:14:19) [POST]
  Parameters: {"comment"=>{"comment"=>"kkkkkkk", "author"=>"kkkk", "site"=>"", "email"=>""}, "commit"=>"Create", "authenticity_token"=>"lFPmknuy9JjQeCgGcyr7FsSn3CLTjaAHdd9vjXky4Sc="}
  [4;35;1mComment Create (0.5ms)[0m   [0mINSERT INTO "comments" ("comment", "created_at", "author", "updated_at", "post_id", "site", "email") VALUES('kkkkkkk', '2010-02-21 07:14:19', 'kkkk', '2010-02-21 07:14:19', NULL, '', '')[0m

NoMethodError (undefined method `call' for nil:NilClass):
  app/controllers/comments_controller.rb:45:in `create'
  /usr/lib/ruby/1.8/webrick/httpserver.rb:104:in `service'
  /usr/lib/ruby/1.8/webrick/httpserver.rb:65:in `run'
  /usr/lib/ruby/1.8/webrick/server.rb:173:in `start_thread'
  /usr/lib/ruby/1.8/webrick/server.rb:162:in `start'
  /usr/lib/ruby/1.8/webrick/server.rb:162:in `start_thread'
  /usr/lib/ruby/1.8/webrick/server.rb:95:in `start'
  /usr/lib/ruby/1.8/webrick/server.rb:92:in `each'
  /usr/lib/ruby/1.8/webrick/server.rb:92:in `start'
  /usr/lib/ruby/1.8/webrick/server.rb:23:in `start'
  /usr/lib/ruby/1.8/webrick/server.rb:82:in `start'

Rendered rescues/_trace (58.3ms)
Rendered rescues/_request_and_response (0.4ms)
Rendering rescues/layout (internal_server_error)


Processing CommentsController#create (for 127.0.0.1 at 2010-02-21 04:16:25) [POST]
  Parameters: {"comment"=>{"comment"=>"kkkkkkk", "author"=>"kkkk", "site"=>"", "email"=>""}, "commit"=>"Create", "authenticity_token"=>"lFPmknuy9JjQeCgGcyr7FsSn3CLTjaAHdd9vjXky4Sc="}
  [4;36;1mComment Create (0.4ms)[0m   [0;1mINSERT INTO "comments" ("comment", "created_at", "author", "updated_at", "post_id", "site", "email") VALUES('kkkkkkk', '2010-02-21 07:16:25', 'kkkk', '2010-02-21 07:16:25', NULL, '', '')[0m

ActionController::ActionControllerError (Cannot redirect to nil!):
  app/controllers/comments_controller.rb:48:in `create'
  app/controllers/comments_controller.rb:45:in `create'
  /usr/lib/ruby/1.8/webrick/httpserver.rb:104:in `service'
  /usr/lib/ruby/1.8/webrick/httpserver.rb:65:in `run'
  /usr/lib/ruby/1.8/webrick/server.rb:173:in `start_thread'
  /usr/lib/ruby/1.8/webrick/server.rb:162:in `start'
  /usr/lib/ruby/1.8/webrick/server.rb:162:in `start_thread'
  /usr/lib/ruby/1.8/webrick/server.rb:95:in `start'
  /usr/lib/ruby/1.8/webrick/server.rb:92:in `each'
  /usr/lib/ruby/1.8/webrick/server.rb:92:in `start'
  /usr/lib/ruby/1.8/webrick/server.rb:23:in `start'
  /usr/lib/ruby/1.8/webrick/server.rb:82:in `start'

Rendered rescues/_trace (72.9ms)
Rendered rescues/_request_and_response (0.4ms)
Rendering rescues/layout (internal_server_error)


Processing CommentsController#index (for 127.0.0.1 at 2010-02-21 04:16:35) [GET]
  [4;35;1mComment Load (1.5ms)[0m   [0mSELECT * FROM "comments" [0m
Rendering template within layouts/comments
Rendering comments/index
Completed in 65ms (View: 53, DB: 2) | 200 OK [http://localhost/comments]


Processing CommentsController#destroy (for 127.0.0.1 at 2010-02-21 04:16:38) [DELETE]
  Parameters: {"authenticity_token"=>"lFPmknuy9JjQeCgGcyr7FsSn3CLTjaAHdd9vjXky4Sc=", "id"=>"5"}
  [4;36;1mComment Load (0.4ms)[0m   [0;1mSELECT * FROM "comments" WHERE ("comments"."id" = 5) [0m
  [4;35;1mComment Destroy (0.2ms)[0m   [0mDELETE FROM "comments" WHERE "id" = 5[0m
Redirected to http://localhost:3000/comments
Completed in 114ms (DB: 1) | 302 Found [http://localhost/comments/5]


Processing CommentsController#index (for 127.0.0.1 at 2010-02-21 04:16:39) [GET]
  [4;36;1mComment Load (0.9ms)[0m   [0;1mSELECT * FROM "comments" [0m
Rendering template within layouts/comments
Rendering comments/index
Completed in 23ms (View: 16, DB: 1) | 200 OK [http://localhost/comments]


Processing CommentsController#destroy (for 127.0.0.1 at 2010-02-21 04:16:42) [DELETE]
  Parameters: {"authenticity_token"=>"lFPmknuy9JjQeCgGcyr7FsSn3CLTjaAHdd9vjXky4Sc=", "id"=>"6"}
  [4;35;1mComment Load (0.4ms)[0m   [0mSELECT * FROM "comments" WHERE ("comments"."id" = 6) [0m
  [4;36;1mComment Destroy (0.2ms)[0m   [0;1mDELETE FROM "comments" WHERE "id" = 6[0m
Redirected to http://localhost:3000/comments
Completed in 12ms (DB: 1) | 302 Found [http://localhost/comments/6]


Processing CommentsController#index (for 127.0.0.1 at 2010-02-21 04:16:42) [GET]
  [4;35;1mComment Load (0.7ms)[0m   [0mSELECT * FROM "comments" [0m
Rendering template within layouts/comments
Rendering comments/index
Completed in 18ms (View: 11, DB: 1) | 200 OK [http://localhost/comments]


Processing PostsController#index (for 127.0.0.1 at 2010-02-21 04:24:00) [GET]
  [4;36;1mPost Load (0.8ms)[0m   [0;1mSELECT * FROM "posts" [0m
Rendering template within layouts/posts
Rendering posts/index
Completed in 17ms (View: 7, DB: 1) | 200 OK [http://localhost/posts]


Processing PostsController#show (for 127.0.0.1 at 2010-02-21 04:24:04) [GET]
  Parameters: {"id"=>"1"}
  [4;35;1mPost Load (0.5ms)[0m   [0mSELECT * FROM "posts" WHERE ("posts"."id" = 1) [0m
  [4;36;1mComment Load (1.8ms)[0m   [0;1mSELECT * FROM "comments" [0m
Rendering template within layouts/posts
Rendering posts/show
Rendered posts/_list_comments (3.8ms)
Rendered posts/_new_comment (5.0ms)
Completed in 40ms (View: 16, DB: 2) | 200 OK [http://localhost/posts/1]


Processing PostsController#show (for 127.0.0.1 at 2010-02-21 04:25:51) [GET]
  Parameters: {"id"=>"1"}
  [4;35;1mPost Load (0.3ms)[0m   [0mSELECT * FROM "posts" WHERE ("posts"."id" = 1) [0m
  [4;36;1mComment Load (0.5ms)[0m   [0;1mSELECT * FROM "comments" [0m
Rendering template within layouts/posts
Rendering posts/show

ActionView::TemplateError (undefined method `empty?' for #<Comment:0xb57d5914>) on line #7 of app/views/posts/_list_comments.html.erb:
4:     <td><b>Author:</b>&nbsp;<%=h comment.author %></td>
5:   </tr>
6:   <tr>
7:     <td><b>Site:</b>&nbsp;<%=h comment.site if !comment.empty? %></td>
8:   </tr>
9:   <tr>
10:     <td><b>Email:</b>&nbsp;<%=h comment.email if !comment.empty? %></td>

    app/views/posts/_list_comments.html.erb:7
    app/views/posts/_list_comments.html.erb:2:in `each'
    app/views/posts/_list_comments.html.erb:2
    app/views/posts/show.html.erb:22
    app/controllers/posts_controller.rb:19:in `show'
    /usr/lib/ruby/1.8/webrick/httpserver.rb:104:in `service'
    /usr/lib/ruby/1.8/webrick/httpserver.rb:65:in `run'
    /usr/lib/ruby/1.8/webrick/server.rb:173:in `start_thread'
    /usr/lib/ruby/1.8/webrick/server.rb:162:in `start'
    /usr/lib/ruby/1.8/webrick/server.rb:162:in `start_thread'
    /usr/lib/ruby/1.8/webrick/server.rb:95:in `start'
    /usr/lib/ruby/1.8/webrick/server.rb:92:in `each'
    /usr/lib/ruby/1.8/webrick/server.rb:92:in `start'
    /usr/lib/ruby/1.8/webrick/server.rb:23:in `start'
    /usr/lib/ruby/1.8/webrick/server.rb:82:in `start'

Rendered rescues/_trace (119.2ms)
Rendered rescues/_request_and_response (0.3ms)
Rendering rescues/layout (internal_server_error)


Processing PostsController#show (for 127.0.0.1 at 2010-02-21 04:28:54) [GET]
  Parameters: {"id"=>"1"}
  [4;35;1mPost Load (0.5ms)[0m   [0mSELECT * FROM "posts" WHERE ("posts"."id" = 1) [0m
  [4;36;1mComment Load (0.8ms)[0m   [0;1mSELECT * FROM "comments" [0m
Rendering template within layouts/posts
Rendering posts/show
Rendered posts/_list_comments (3.8ms)
Rendered posts/_new_comment (4.6ms)
Completed in 51ms (View: 22, DB: 1) | 200 OK [http://localhost/posts/1]


Processing PostsController#show (for 127.0.0.1 at 2010-02-21 04:29:20) [GET]
  Parameters: {"id"=>"1"}
  [4;35;1mPost Load (5.6ms)[0m   [0mSELECT * FROM "posts" WHERE ("posts"."id" = 1) [0m
  [4;36;1mComment Load (0.9ms)[0m   [0;1mSELECT * FROM "comments" [0m
Rendering template within layouts/posts
Rendering posts/show
Rendered posts/_list_comments (11.3ms)
Rendered posts/_new_comment (8.4ms)
Completed in 57ms (View: 31, DB: 6) | 200 OK [http://localhost/posts/1]


Processing PostsController#show (for 127.0.0.1 at 2010-02-21 04:29:23) [GET]
  Parameters: {"id"=>"1"}
  [4;35;1mPost Load (0.6ms)[0m   [0mSELECT * FROM "posts" WHERE ("posts"."id" = 1) [0m
  [4;36;1mComment Load (0.9ms)[0m   [0;1mSELECT * FROM "comments" [0m
Rendering template within layouts/posts
Rendering posts/show
Rendered posts/_list_comments (2.6ms)
Rendered posts/_new_comment (4.4ms)
Completed in 40ms (View: 14, DB: 1) | 200 OK [http://localhost/posts/1]


Processing PostsController#show (for 127.0.0.1 at 2010-02-21 04:31:45) [GET]
  Parameters: {"id"=>"1"}
  [4;35;1mPost Load (0.6ms)[0m   [0mSELECT * FROM "posts" WHERE ("posts"."id" = 1) [0m
  [4;36;1mComment Load (0.5ms)[0m   [0;1mSELECT * FROM "comments" [0m
Rendering template within layouts/posts
Rendering posts/show
ERROR: compiling _run_erb_app47views47posts47_list_comments46html46erb_locals_list_comments_object RAISED compile error
/home/usuario/Workspace/blog/app/views/posts/_list_comments.html.erb:23: syntax error, unexpected kENSURE, expecting kEND
/home/usuario/Workspace/blog/app/views/posts/_list_comments.html.erb:25: syntax error, unexpected $end, expecting kEND
Function body:           def _run_erb_app47views47posts47_list_comments46html46erb_locals_list_comments_object(local_assigns)
            old_output_buffer = output_buffer;object = local_assigns[:object];list_comments = local_assigns[:list_comments];;@output_buffer = '';  __in_erb_template=true ; @output_buffer.concat "<table>\n"
;  @comments.each do |comment| ; @output_buffer.concat "\n  <tr>\n    <td><b>Author:</b>&nbsp;"

; @output_buffer.concat((h comment.author ).to_s); @output_buffer.concat "</td>\n  </tr>\n"

;  if not comment.nil? begin; @output_buffer.concat " \n  <tr>\n    <td><b>Site:</b>&nbsp;"

; @output_buffer.concat((h comment.site ).to_s); @output_buffer.concat "</td>\n  </tr>\n  <tr>\n    <td><b>Email:</b>&nbsp;"


; @output_buffer.concat((h comment.email if not !comment.nil? ).to_s); @output_buffer.concat "</td>\n  </tr>\n"

;  end ; @output_buffer.concat "\n  <tr>\n    <td><b>Comment:</b>&nbsp;"

; @output_buffer.concat((h comment.comment ).to_s); @output_buffer.concat "</td>\n  </tr>\n  <tr>\n    <td>&nbsp;</td>\n  </tr>\n"




;  end ; @output_buffer.concat "\n</table>\n"

; @output_buffer
          ensure
            self.output_buffer = old_output_buffer
          end
Backtrace: /home/usuario/Workspace/blog/app/views/posts/_list_comments.html.erb:25:in `compile!'
/usr/lib/ruby/gems/1.8/gems/actionpack-2.3.5/lib/action_view/renderable.rb:61:in `compile'
/usr/lib/ruby/gems/1.8/gems/actionpack-2.3.5/lib/action_view/renderable.rb:28:in `render'
/usr/lib/ruby/gems/1.8/gems/actionpack-2.3.5/lib/action_view/renderable_partial.rb:20:in `render'
/usr/lib/ruby/gems/1.8/gems/actionpack-2.3.5/lib/action_controller/benchmarking.rb:26:in `benchmark'
/usr/lib/ruby/gems/1.8/gems/activesupport-2.3.5/lib/active_support/core_ext/benchmark.rb:17:in `ms'
/usr/lib/ruby/1.8/benchmark.rb:308:in `realtime'
/usr/lib/ruby/gems/1.8/gems/activesupport-2.3.5/lib/active_support/core_ext/benchmark.rb:17:in `ms'
/usr/lib/ruby/gems/1.8/gems/actionpack-2.3.5/lib/action_controller/benchmarking.rb:26:in `benchmark'
/usr/lib/ruby/gems/1.8/gems/actionpack-2.3.5/lib/action_view/renderable_partial.rb:19:in `render'
/usr/lib/ruby/gems/1.8/gems/actionpack-2.3.5/lib/action_view/template.rb:205:in `render_template'
/usr/lib/ruby/gems/1.8/gems/actionpack-2.3.5/lib/action_view/renderable_partial.rb:44:in `render_partial'
/usr/lib/ruby/gems/1.8/gems/actionpack-2.3.5/lib/action_view/partials.rb:184:in `render_partial'
/usr/lib/ruby/gems/1.8/gems/actionpack-2.3.5/lib/action_view/base.rb:267:in `render'
/home/usuario/Workspace/blog/app/views/posts/show.html.erb:22:in `_run_erb_app47views47posts47show46html46erb'
/usr/lib/ruby/gems/1.8/gems/actionpack-2.3.5/lib/action_view/renderable.rb:34:in `send'
/usr/lib/ruby/gems/1.8/gems/actionpack-2.3.5/lib/action_view/renderable.rb:34:in `render'
/usr/lib/ruby/gems/1.8/gems/actionpack-2.3.5/lib/action_view/base.rb:306:in `with_template'
/usr/lib/ruby/gems/1.8/gems/actionpack-2.3.5/lib/action_view/renderable.rb:30:in `render'
/usr/lib/ruby/gems/1.8/gems/actionpack-2.3.5/lib/action_view/template.rb:205:in `render_template'
/usr/lib/ruby/gems/1.8/gems/actionpack-2.3.5/lib/action_view/base.rb:265:in `render'
/usr/lib/ruby/gems/1.8/gems/actionpack-2.3.5/lib/action_view/base.rb:348:in `_render_with_layout'
/usr/lib/ruby/gems/1.8/gems/actionpack-2.3.5/lib/action_view/base.rb:262:in `render'
/usr/lib/ruby/gems/1.8/gems/actionpack-2.3.5/lib/action_controller/base.rb:1250:in `render_for_file'
/usr/lib/ruby/gems/1.8/gems/actionpack-2.3.5/lib/action_controller/base.rb:951:in `render_without_benchmark'
/usr/lib/ruby/gems/1.8/gems/actionpack-2.3.5/lib/action_controller/benchmarking.rb:51:in `render'
/usr/lib/ruby/gems/1.8/gems/activesupport-2.3.5/lib/active_support/core_ext/benchmark.rb:17:in `ms'
/usr/lib/ruby/1.8/benchmark.rb:308:in `realtime'
/usr/lib/ruby/gems/1.8/gems/activesupport-2.3.5/lib/active_support/core_ext/benchmark.rb:17:in `ms'
/usr/lib/ruby/gems/1.8/gems/actionpack-2.3.5/lib/action_controller/benchmarking.rb:51:in `render'
/usr/lib/ruby/gems/1.8/gems/actionpack-2.3.5/lib/action_controller/mime_responds.rb:135:in `send'
/usr/lib/ruby/gems/1.8/gems/actionpack-2.3.5/lib/action_controller/mime_responds.rb:135:in `custom'
/usr/lib/ruby/gems/1.8/gems/actionpack-2.3.5/lib/action_controller/mime_responds.rb:179:in `call'
/usr/lib/ruby/gems/1.8/gems/actionpack-2.3.5/lib/action_controller/mime_responds.rb:179:in `respond'
/usr/lib/ruby/gems/1.8/gems/actionpack-2.3.5/lib/action_controller/mime_responds.rb:173:in `each'
/usr/lib/ruby/gems/1.8/gems/actionpack-2.3.5/lib/action_controller/mime_responds.rb:173:in `respond'
/usr/lib/ruby/gems/1.8/gems/actionpack-2.3.5/lib/action_controller/mime_responds.rb:107:in `respond_to'
/home/usuario/Workspace/blog/app/controllers/posts_controller.rb:19:in `show'
/usr/lib/ruby/gems/1.8/gems/actionpack-2.3.5/lib/action_controller/base.rb:1331:in `send'
/usr/lib/ruby/gems/1.8/gems/actionpack-2.3.5/lib/action_controller/base.rb:1331:in `perform_action_without_filters'
/usr/lib/ruby/gems/1.8/gems/actionpack-2.3.5/lib/action_controller/filters.rb:617:in `call_filters'
/usr/lib/ruby/gems/1.8/gems/actionpack-2.3.5/lib/action_controller/filters.rb:610:in `perform_action_without_benchmark'
/usr/lib/ruby/gems/1.8/gems/actionpack-2.3.5/lib/action_controller/benchmarking.rb:68:in `perform_action_without_rescue'
/usr/lib/ruby/gems/1.8/gems/activesupport-2.3.5/lib/active_support/core_ext/benchmark.rb:17:in `ms'
/usr/lib/ruby/1.8/benchmark.rb:308:in `realtime'
/usr/lib/ruby/gems/1.8/gems/activesupport-2.3.5/lib/active_support/core_ext/benchmark.rb:17:in `ms'
/usr/lib/ruby/gems/1.8/gems/actionpack-2.3.5/lib/action_controller/benchmarking.rb:68:in `perform_action_without_rescue'
/usr/lib/ruby/gems/1.8/gems/actionpack-2.3.5/lib/action_controller/rescue.rb:160:in `perform_action_without_flash'
/usr/lib/ruby/gems/1.8/gems/actionpack-2.3.5/lib/action_controller/flash.rb:146:in `perform_action'
/usr/lib/ruby/gems/1.8/gems/actionpack-2.3.5/lib/action_controller/base.rb:532:in `send'
/usr/lib/ruby/gems/1.8/gems/actionpack-2.3.5/lib/action_controller/base.rb:532:in `process_without_filters'
/usr/lib/ruby/gems/1.8/gems/actionpack-2.3.5/lib/action_controller/filters.rb:606:in `process'
/usr/lib/ruby/gems/1.8/gems/actionpack-2.3.5/lib/action_controller/base.rb:391:in `process'
/usr/lib/ruby/gems/1.8/gems/actionpack-2.3.5/lib/action_controller/base.rb:386:in `call'
/usr/lib/ruby/gems/1.8/gems/actionpack-2.3.5/lib/action_controller/routing/route_set.rb:437:in `call'
/usr/lib/ruby/gems/1.8/gems/actionpack-2.3.5/lib/action_controller/dispatcher.rb:87:in `dispatch'
/usr/lib/ruby/gems/1.8/gems/actionpack-2.3.5/lib/action_controller/dispatcher.rb:121:in `_call'
/usr/lib/ruby/gems/1.8/gems/actionpack-2.3.5/lib/action_controller/dispatcher.rb:130:in `build_middleware_stack'
/usr/lib/ruby/gems/1.8/gems/activerecord-2.3.5/lib/active_record/query_cache.rb:29:in `call'
/usr/lib/ruby/gems/1.8/gems/activerecord-2.3.5/lib/active_record/query_cache.rb:29:in `call'
/usr/lib/ruby/gems/1.8/gems/activerecord-2.3.5/lib/active_record/connection_adapters/abstract/query_cache.rb:34:in `cache'
/usr/lib/ruby/gems/1.8/gems/activerecord-2.3.5/lib/active_record/query_cache.rb:9:in `cache'
/usr/lib/ruby/gems/1.8/gems/activerecord-2.3.5/lib/active_record/query_cache.rb:28:in `call'
/usr/lib/ruby/gems/1.8/gems/activerecord-2.3.5/lib/active_record/connection_adapters/abstract/connection_pool.rb:361:in `call'
/usr/lib/ruby/gems/1.8/gems/actionpack-2.3.5/lib/action_controller/string_coercion.rb:25:in `call'
/usr/lib/ruby/gems/1.8/gems/rack-1.0.1/lib/rack/head.rb:9:in `call'
/usr/lib/ruby/gems/1.8/gems/rack-1.0.1/lib/rack/methodoverride.rb:24:in `call'
/usr/lib/ruby/gems/1.8/gems/actionpack-2.3.5/lib/action_controller/params_parser.rb:15:in `call'
/usr/lib/ruby/gems/1.8/gems/actionpack-2.3.5/lib/action_controller/session/cookie_store.rb:93:in `call'
/usr/lib/ruby/gems/1.8/gems/actionpack-2.3.5/lib/action_controller/failsafe.rb:26:in `call'
/usr/lib/ruby/gems/1.8/gems/rack-1.0.1/lib/rack/lock.rb:11:in `call'
/usr/lib/ruby/gems/1.8/gems/rack-1.0.1/lib/rack/lock.rb:11:in `synchronize'
/usr/lib/ruby/gems/1.8/gems/rack-1.0.1/lib/rack/lock.rb:11:in `call'
/usr/lib/ruby/gems/1.8/gems/actionpack-2.3.5/lib/action_controller/dispatcher.rb:114:in `call'
/usr/lib/ruby/gems/1.8/gems/actionpack-2.3.5/lib/action_controller/reloader.rb:34:in `run'
/usr/lib/ruby/gems/1.8/gems/actionpack-2.3.5/lib/action_controller/dispatcher.rb:108:in `call'
/usr/lib/ruby/gems/1.8/gems/rails-2.3.5/lib/rails/rack/static.rb:31:in `call'
/usr/lib/ruby/gems/1.8/gems/rack-1.0.1/lib/rack/urlmap.rb:46:in `call'
/usr/lib/ruby/gems/1.8/gems/rack-1.0.1/lib/rack/urlmap.rb:40:in `each'
/usr/lib/ruby/gems/1.8/gems/rack-1.0.1/lib/rack/urlmap.rb:40:in `call'
/usr/lib/ruby/gems/1.8/gems/rails-2.3.5/lib/rails/rack/log_tailer.rb:17:in `call'
/usr/lib/ruby/gems/1.8/gems/rack-1.0.1/lib/rack/content_length.rb:13:in `call'
/usr/lib/ruby/gems/1.8/gems/rack-1.0.1/lib/rack/handler/webrick.rb:50:in `service'
/usr/lib/ruby/1.8/webrick/httpserver.rb:104:in `service'
/usr/lib/ruby/1.8/webrick/httpserver.rb:65:in `run'
/usr/lib/ruby/1.8/webrick/server.rb:173:in `start_thread'
/usr/lib/ruby/1.8/webrick/server.rb:162:in `start'
/usr/lib/ruby/1.8/webrick/server.rb:162:in `start_thread'
/usr/lib/ruby/1.8/webrick/server.rb:95:in `start'
/usr/lib/ruby/1.8/webrick/server.rb:92:in `each'
/usr/lib/ruby/1.8/webrick/server.rb:92:in `start'
/usr/lib/ruby/1.8/webrick/server.rb:23:in `start'
/usr/lib/ruby/1.8/webrick/server.rb:82:in `start'
/usr/lib/ruby/gems/1.8/gems/rack-1.0.1/lib/rack/handler/webrick.rb:14:in `run'
/usr/lib/ruby/gems/1.8/gems/rails-2.3.5/lib/commands/server.rb:111
/usr/local/lib/site_ruby/1.8/rubygems/custom_require.rb:31:in `gem_original_require'
/usr/local/lib/site_ruby/1.8/rubygems/custom_require.rb:31:in `require'
script/server:3

ActionView::TemplateError (compile error
/home/usuario/Workspace/blog/app/views/posts/_list_comments.html.erb:23: syntax error, unexpected kENSURE, expecting kEND
/home/usuario/Workspace/blog/app/views/posts/_list_comments.html.erb:25: syntax error, unexpected $end, expecting kEND) on line #23 of app/views/posts/_list_comments.html.erb:
20: <% end %>
21: </table>

    app/views/posts/_list_comments.html.erb:25:in `compile!'
    app/views/posts/show.html.erb:22
    app/controllers/posts_controller.rb:19:in `show'
    /usr/lib/ruby/1.8/webrick/httpserver.rb:104:in `service'
    /usr/lib/ruby/1.8/webrick/httpserver.rb:65:in `run'
    /usr/lib/ruby/1.8/webrick/server.rb:173:in `start_thread'
    /usr/lib/ruby/1.8/webrick/server.rb:162:in `start'
    /usr/lib/ruby/1.8/webrick/server.rb:162:in `start_thread'
    /usr/lib/ruby/1.8/webrick/server.rb:95:in `start'
    /usr/lib/ruby/1.8/webrick/server.rb:92:in `each'
    /usr/lib/ruby/1.8/webrick/server.rb:92:in `start'
    /usr/lib/ruby/1.8/webrick/server.rb:23:in `start'
    /usr/lib/ruby/1.8/webrick/server.rb:82:in `start'

Rendered rescues/_trace (92.4ms)
Rendered rescues/_request_and_response (0.5ms)
Rendering rescues/layout (internal_server_error)


Processing PostsController#show (for 127.0.0.1 at 2010-02-21 04:33:00) [GET]
  Parameters: {"id"=>"1"}
  [4;35;1mPost Load (6.5ms)[0m   [0mSELECT * FROM "posts" WHERE ("posts"."id" = 1) [0m
  [4;36;1mComment Load (0.9ms)[0m   [0;1mSELECT * FROM "comments" [0m
Rendering template within layouts/posts
Rendering posts/show
ERROR: compiling _run_erb_app47views47posts47_list_comments46html46erb_locals_list_comments_object RAISED compile error
/home/usuario/Workspace/blog/app/views/posts/_list_comments.html.erb:24: syntax error, unexpected kENSURE, expecting kEND
/home/usuario/Workspace/blog/app/views/posts/_list_comments.html.erb:26: syntax error, unexpected $end, expecting kEND
Function body:           def _run_erb_app47views47posts47_list_comments46html46erb_locals_list_comments_object(local_assigns)
            old_output_buffer = output_buffer;object = local_assigns[:object];list_comments = local_assigns[:list_comments];;@output_buffer = '';  __in_erb_template=true ; @output_buffer.concat "<table>\n"
;  @comments.each do |comment| ; @output_buffer.concat "\n  <tr>\n    <td><b>Author:</b>&nbsp;"

; @output_buffer.concat((h comment.author ).to_s); @output_buffer.concat "</td>\n  </tr>\n"

;  if not comment.site.empty? ; @output_buffer.concat " \n  <tr>\n    <td><b>Site:</b>&nbsp;"

; @output_buffer.concat((h comment.site ).to_s); @output_buffer.concat "</td>\n  </tr>\n"

;  if not comment.email.empty?; @output_buffer.concat "\n  <tr>\n    <td><b>Email:</b>&nbsp;"

; @output_buffer.concat((h comment.email if not !comment.nil? ).to_s); @output_buffer.concat "</td>\n  </tr>\n\n  <tr>\n    <td><b>Comment:</b>&nbsp;"



; @output_buffer.concat((h comment.comment ).to_s); @output_buffer.concat "</td>\n  </tr>\n  <tr>\n    <td>&nbsp;</td>\n  </tr>\n"




;  end ; @output_buffer.concat "\n</table>\n"

; @output_buffer
          ensure
            self.output_buffer = old_output_buffer
          end
Backtrace: /home/usuario/Workspace/blog/app/views/posts/_list_comments.html.erb:26:in `compile!'
/usr/lib/ruby/gems/1.8/gems/actionpack-2.3.5/lib/action_view/renderable.rb:61:in `compile'
/usr/lib/ruby/gems/1.8/gems/actionpack-2.3.5/lib/action_view/renderable.rb:28:in `render'
/usr/lib/ruby/gems/1.8/gems/actionpack-2.3.5/lib/action_view/renderable_partial.rb:20:in `render'
/usr/lib/ruby/gems/1.8/gems/actionpack-2.3.5/lib/action_controller/benchmarking.rb:26:in `benchmark'
/usr/lib/ruby/gems/1.8/gems/activesupport-2.3.5/lib/active_support/core_ext/benchmark.rb:17:in `ms'
/usr/lib/ruby/1.8/benchmark.rb:308:in `realtime'
/usr/lib/ruby/gems/1.8/gems/activesupport-2.3.5/lib/active_support/core_ext/benchmark.rb:17:in `ms'
/usr/lib/ruby/gems/1.8/gems/actionpack-2.3.5/lib/action_controller/benchmarking.rb:26:in `benchmark'
/usr/lib/ruby/gems/1.8/gems/actionpack-2.3.5/lib/action_view/renderable_partial.rb:19:in `render'
/usr/lib/ruby/gems/1.8/gems/actionpack-2.3.5/lib/action_view/template.rb:205:in `render_template'
/usr/lib/ruby/gems/1.8/gems/actionpack-2.3.5/lib/action_view/renderable_partial.rb:44:in `render_partial'
/usr/lib/ruby/gems/1.8/gems/actionpack-2.3.5/lib/action_view/partials.rb:184:in `render_partial'
/usr/lib/ruby/gems/1.8/gems/actionpack-2.3.5/lib/action_view/base.rb:267:in `render'
/home/usuario/Workspace/blog/app/views/posts/show.html.erb:22:in `_run_erb_app47views47posts47show46html46erb'
/usr/lib/ruby/gems/1.8/gems/actionpack-2.3.5/lib/action_view/renderable.rb:34:in `send'
/usr/lib/ruby/gems/1.8/gems/actionpack-2.3.5/lib/action_view/renderable.rb:34:in `render'
/usr/lib/ruby/gems/1.8/gems/actionpack-2.3.5/lib/action_view/base.rb:306:in `with_template'
/usr/lib/ruby/gems/1.8/gems/actionpack-2.3.5/lib/action_view/renderable.rb:30:in `render'
/usr/lib/ruby/gems/1.8/gems/actionpack-2.3.5/lib/action_view/template.rb:205:in `render_template'
/usr/lib/ruby/gems/1.8/gems/actionpack-2.3.5/lib/action_view/base.rb:265:in `render'
/usr/lib/ruby/gems/1.8/gems/actionpack-2.3.5/lib/action_view/base.rb:348:in `_render_with_layout'
/usr/lib/ruby/gems/1.8/gems/actionpack-2.3.5/lib/action_view/base.rb:262:in `render'
/usr/lib/ruby/gems/1.8/gems/actionpack-2.3.5/lib/action_controller/base.rb:1250:in `render_for_file'
/usr/lib/ruby/gems/1.8/gems/actionpack-2.3.5/lib/action_controller/base.rb:951:in `render_without_benchmark'
/usr/lib/ruby/gems/1.8/gems/actionpack-2.3.5/lib/action_controller/benchmarking.rb:51:in `render'
/usr/lib/ruby/gems/1.8/gems/activesupport-2.3.5/lib/active_support/core_ext/benchmark.rb:17:in `ms'
/usr/lib/ruby/1.8/benchmark.rb:308:in `realtime'
/usr/lib/ruby/gems/1.8/gems/activesupport-2.3.5/lib/active_support/core_ext/benchmark.rb:17:in `ms'
/usr/lib/ruby/gems/1.8/gems/actionpack-2.3.5/lib/action_controller/benchmarking.rb:51:in `render'
/usr/lib/ruby/gems/1.8/gems/actionpack-2.3.5/lib/action_controller/mime_responds.rb:135:in `send'
/usr/lib/ruby/gems/1.8/gems/actionpack-2.3.5/lib/action_controller/mime_responds.rb:135:in `custom'
/usr/lib/ruby/gems/1.8/gems/actionpack-2.3.5/lib/action_controller/mime_responds.rb:179:in `call'
/usr/lib/ruby/gems/1.8/gems/actionpack-2.3.5/lib/action_controller/mime_responds.rb:179:in `respond'
/usr/lib/ruby/gems/1.8/gems/actionpack-2.3.5/lib/action_controller/mime_responds.rb:173:in `each'
/usr/lib/ruby/gems/1.8/gems/actionpack-2.3.5/lib/action_controller/mime_responds.rb:173:in `respond'
/usr/lib/ruby/gems/1.8/gems/actionpack-2.3.5/lib/action_controller/mime_responds.rb:107:in `respond_to'
/home/usuario/Workspace/blog/app/controllers/posts_controller.rb:19:in `show'
/usr/lib/ruby/gems/1.8/gems/actionpack-2.3.5/lib/action_controller/base.rb:1331:in `send'
/usr/lib/ruby/gems/1.8/gems/actionpack-2.3.5/lib/action_controller/base.rb:1331:in `perform_action_without_filters'
/usr/lib/ruby/gems/1.8/gems/actionpack-2.3.5/lib/action_controller/filters.rb:617:in `call_filters'
/usr/lib/ruby/gems/1.8/gems/actionpack-2.3.5/lib/action_controller/filters.rb:610:in `perform_action_without_benchmark'
/usr/lib/ruby/gems/1.8/gems/actionpack-2.3.5/lib/action_controller/benchmarking.rb:68:in `perform_action_without_rescue'
/usr/lib/ruby/gems/1.8/gems/activesupport-2.3.5/lib/active_support/core_ext/benchmark.rb:17:in `ms'
/usr/lib/ruby/1.8/benchmark.rb:308:in `realtime'
/usr/lib/ruby/gems/1.8/gems/activesupport-2.3.5/lib/active_support/core_ext/benchmark.rb:17:in `ms'
/usr/lib/ruby/gems/1.8/gems/actionpack-2.3.5/lib/action_controller/benchmarking.rb:68:in `perform_action_without_rescue'
/usr/lib/ruby/gems/1.8/gems/actionpack-2.3.5/lib/action_controller/rescue.rb:160:in `perform_action_without_flash'
/usr/lib/ruby/gems/1.8/gems/actionpack-2.3.5/lib/action_controller/flash.rb:146:in `perform_action'
/usr/lib/ruby/gems/1.8/gems/actionpack-2.3.5/lib/action_controller/base.rb:532:in `send'
/usr/lib/ruby/gems/1.8/gems/actionpack-2.3.5/lib/action_controller/base.rb:532:in `process_without_filters'
/usr/lib/ruby/gems/1.8/gems/actionpack-2.3.5/lib/action_controller/filters.rb:606:in `process'
/usr/lib/ruby/gems/1.8/gems/actionpack-2.3.5/lib/action_controller/base.rb:391:in `process'
/usr/lib/ruby/gems/1.8/gems/actionpack-2.3.5/lib/action_controller/base.rb:386:in `call'
/usr/lib/ruby/gems/1.8/gems/actionpack-2.3.5/lib/action_controller/routing/route_set.rb:437:in `call'
/usr/lib/ruby/gems/1.8/gems/actionpack-2.3.5/lib/action_controller/dispatcher.rb:87:in `dispatch'
/usr/lib/ruby/gems/1.8/gems/actionpack-2.3.5/lib/action_controller/dispatcher.rb:121:in `_call'
/usr/lib/ruby/gems/1.8/gems/actionpack-2.3.5/lib/action_controller/dispatcher.rb:130:in `build_middleware_stack'
/usr/lib/ruby/gems/1.8/gems/activerecord-2.3.5/lib/active_record/query_cache.rb:29:in `call'
/usr/lib/ruby/gems/1.8/gems/activerecord-2.3.5/lib/active_record/query_cache.rb:29:in `call'
/usr/lib/ruby/gems/1.8/gems/activerecord-2.3.5/lib/active_record/connection_adapters/abstract/query_cache.rb:34:in `cache'
/usr/lib/ruby/gems/1.8/gems/activerecord-2.3.5/lib/active_record/query_cache.rb:9:in `cache'
/usr/lib/ruby/gems/1.8/gems/activerecord-2.3.5/lib/active_record/query_cache.rb:28:in `call'
/usr/lib/ruby/gems/1.8/gems/activerecord-2.3.5/lib/active_record/connection_adapters/abstract/connection_pool.rb:361:in `call'
/usr/lib/ruby/gems/1.8/gems/actionpack-2.3.5/lib/action_controller/string_coercion.rb:25:in `call'
/usr/lib/ruby/gems/1.8/gems/rack-1.0.1/lib/rack/head.rb:9:in `call'
/usr/lib/ruby/gems/1.8/gems/rack-1.0.1/lib/rack/methodoverride.rb:24:in `call'
/usr/lib/ruby/gems/1.8/gems/actionpack-2.3.5/lib/action_controller/params_parser.rb:15:in `call'
/usr/lib/ruby/gems/1.8/gems/actionpack-2.3.5/lib/action_controller/session/cookie_store.rb:93:in `call'
/usr/lib/ruby/gems/1.8/gems/actionpack-2.3.5/lib/action_controller/failsafe.rb:26:in `call'
/usr/lib/ruby/gems/1.8/gems/rack-1.0.1/lib/rack/lock.rb:11:in `call'
/usr/lib/ruby/gems/1.8/gems/rack-1.0.1/lib/rack/lock.rb:11:in `synchronize'
/usr/lib/ruby/gems/1.8/gems/rack-1.0.1/lib/rack/lock.rb:11:in `call'
/usr/lib/ruby/gems/1.8/gems/actionpack-2.3.5/lib/action_controller/dispatcher.rb:114:in `call'
/usr/lib/ruby/gems/1.8/gems/actionpack-2.3.5/lib/action_controller/reloader.rb:34:in `run'
/usr/lib/ruby/gems/1.8/gems/actionpack-2.3.5/lib/action_controller/dispatcher.rb:108:in `call'
/usr/lib/ruby/gems/1.8/gems/rails-2.3.5/lib/rails/rack/static.rb:31:in `call'
/usr/lib/ruby/gems/1.8/gems/rack-1.0.1/lib/rack/urlmap.rb:46:in `call'
/usr/lib/ruby/gems/1.8/gems/rack-1.0.1/lib/rack/urlmap.rb:40:in `each'
/usr/lib/ruby/gems/1.8/gems/rack-1.0.1/lib/rack/urlmap.rb:40:in `call'
/usr/lib/ruby/gems/1.8/gems/rails-2.3.5/lib/rails/rack/log_tailer.rb:17:in `call'
/usr/lib/ruby/gems/1.8/gems/rack-1.0.1/lib/rack/content_length.rb:13:in `call'
/usr/lib/ruby/gems/1.8/gems/rack-1.0.1/lib/rack/handler/webrick.rb:50:in `service'
/usr/lib/ruby/1.8/webrick/httpserver.rb:104:in `service'
/usr/lib/ruby/1.8/webrick/httpserver.rb:65:in `run'
/usr/lib/ruby/1.8/webrick/server.rb:173:in `start_thread'
/usr/lib/ruby/1.8/webrick/server.rb:162:in `start'
/usr/lib/ruby/1.8/webrick/server.rb:162:in `start_thread'
/usr/lib/ruby/1.8/webrick/server.rb:95:in `start'
/usr/lib/ruby/1.8/webrick/server.rb:92:in `each'
/usr/lib/ruby/1.8/webrick/server.rb:92:in `start'
/usr/lib/ruby/1.8/webrick/server.rb:23:in `start'
/usr/lib/ruby/1.8/webrick/server.rb:82:in `start'
/usr/lib/ruby/gems/1.8/gems/rack-1.0.1/lib/rack/handler/webrick.rb:14:in `run'
/usr/lib/ruby/gems/1.8/gems/rails-2.3.5/lib/commands/server.rb:111
/usr/local/lib/site_ruby/1.8/rubygems/custom_require.rb:31:in `gem_original_require'
/usr/local/lib/site_ruby/1.8/rubygems/custom_require.rb:31:in `require'
script/server:3

ActionView::TemplateError (compile error
/home/usuario/Workspace/blog/app/views/posts/_list_comments.html.erb:24: syntax error, unexpected kENSURE, expecting kEND
/home/usuario/Workspace/blog/app/views/posts/_list_comments.html.erb:26: syntax error, unexpected $end, expecting kEND) on line #24 of app/views/posts/_list_comments.html.erb:
21: <% end %>
22: </table>

    app/views/posts/_list_comments.html.erb:26:in `compile!'
    app/views/posts/show.html.erb:22
    app/controllers/posts_controller.rb:19:in `show'
    /usr/lib/ruby/1.8/webrick/httpserver.rb:104:in `service'
    /usr/lib/ruby/1.8/webrick/httpserver.rb:65:in `run'
    /usr/lib/ruby/1.8/webrick/server.rb:173:in `start_thread'
    /usr/lib/ruby/1.8/webrick/server.rb:162:in `start'
    /usr/lib/ruby/1.8/webrick/server.rb:162:in `start_thread'
    /usr/lib/ruby/1.8/webrick/server.rb:95:in `start'
    /usr/lib/ruby/1.8/webrick/server.rb:92:in `each'
    /usr/lib/ruby/1.8/webrick/server.rb:92:in `start'
    /usr/lib/ruby/1.8/webrick/server.rb:23:in `start'
    /usr/lib/ruby/1.8/webrick/server.rb:82:in `start'

Rendered rescues/_trace (160.4ms)
Rendered rescues/_request_and_response (0.3ms)
Rendering rescues/layout (internal_server_error)


Processing PostsController#show (for 127.0.0.1 at 2010-02-21 04:33:03) [GET]
  Parameters: {"id"=>"1"}
  [4;35;1mPost Load (0.3ms)[0m   [0mSELECT * FROM "posts" WHERE ("posts"."id" = 1) [0m
  [4;36;1mComment Load (0.6ms)[0m   [0;1mSELECT * FROM "comments" [0m
Rendering template within layouts/posts
Rendering posts/show
ERROR: compiling _run_erb_app47views47posts47_list_comments46html46erb_locals_list_comments_object RAISED compile error
/home/usuario/Workspace/blog/app/views/posts/_list_comments.html.erb:24: syntax error, unexpected kENSURE, expecting kEND
/home/usuario/Workspace/blog/app/views/posts/_list_comments.html.erb:26: syntax error, unexpected $end, expecting kEND
Function body:           def _run_erb_app47views47posts47_list_comments46html46erb_locals_list_comments_object(local_assigns)
            old_output_buffer = output_buffer;object = local_assigns[:object];list_comments = local_assigns[:list_comments];;@output_buffer = '';  __in_erb_template=true ; @output_buffer.concat "<table>\n"
;  @comments.each do |comment| ; @output_buffer.concat "\n  <tr>\n    <td><b>Author:</b>&nbsp;"

; @output_buffer.concat((h comment.author ).to_s); @output_buffer.concat "</td>\n  </tr>\n"

;  if not comment.site.empty? ; @output_buffer.concat " \n  <tr>\n    <td><b>Site:</b>&nbsp;"

; @output_buffer.concat((h comment.site ).to_s); @output_buffer.concat "</td>\n  </tr>\n"

;  if not comment.email.empty?; @output_buffer.concat "\n  <tr>\n    <td><b>Email:</b>&nbsp;"

; @output_buffer.concat((h comment.email if not !comment.nil? ).to_s); @output_buffer.concat "</td>\n  </tr>\n\n  <tr>\n    <td><b>Comment:</b>&nbsp;"



; @output_buffer.concat((h comment.comment ).to_s); @output_buffer.concat "</td>\n  </tr>\n  <tr>\n    <td>&nbsp;</td>\n  </tr>\n"




;  end ; @output_buffer.concat "\n</table>\n"

; @output_buffer
          ensure
            self.output_buffer = old_output_buffer
          end
Backtrace: /home/usuario/Workspace/blog/app/views/posts/_list_comments.html.erb:26:in `compile!'
/usr/lib/ruby/gems/1.8/gems/actionpack-2.3.5/lib/action_view/renderable.rb:61:in `compile'
/usr/lib/ruby/gems/1.8/gems/actionpack-2.3.5/lib/action_view/renderable.rb:28:in `render'
/usr/lib/ruby/gems/1.8/gems/actionpack-2.3.5/lib/action_view/renderable_partial.rb:20:in `render'
/usr/lib/ruby/gems/1.8/gems/actionpack-2.3.5/lib/action_controller/benchmarking.rb:26:in `benchmark'
/usr/lib/ruby/gems/1.8/gems/activesupport-2.3.5/lib/active_support/core_ext/benchmark.rb:17:in `ms'
/usr/lib/ruby/1.8/benchmark.rb:308:in `realtime'
/usr/lib/ruby/gems/1.8/gems/activesupport-2.3.5/lib/active_support/core_ext/benchmark.rb:17:in `ms'
/usr/lib/ruby/gems/1.8/gems/actionpack-2.3.5/lib/action_controller/benchmarking.rb:26:in `benchmark'
/usr/lib/ruby/gems/1.8/gems/actionpack-2.3.5/lib/action_view/renderable_partial.rb:19:in `render'
/usr/lib/ruby/gems/1.8/gems/actionpack-2.3.5/lib/action_view/template.rb:205:in `render_template'
/usr/lib/ruby/gems/1.8/gems/actionpack-2.3.5/lib/action_view/renderable_partial.rb:44:in `render_partial'
/usr/lib/ruby/gems/1.8/gems/actionpack-2.3.5/lib/action_view/partials.rb:184:in `render_partial'
/usr/lib/ruby/gems/1.8/gems/actionpack-2.3.5/lib/action_view/base.rb:267:in `render'
/home/usuario/Workspace/blog/app/views/posts/show.html.erb:22:in `_run_erb_app47views47posts47show46html46erb'
/usr/lib/ruby/gems/1.8/gems/actionpack-2.3.5/lib/action_view/renderable.rb:34:in `send'
/usr/lib/ruby/gems/1.8/gems/actionpack-2.3.5/lib/action_view/renderable.rb:34:in `render'
/usr/lib/ruby/gems/1.8/gems/actionpack-2.3.5/lib/action_view/base.rb:306:in `with_template'
/usr/lib/ruby/gems/1.8/gems/actionpack-2.3.5/lib/action_view/renderable.rb:30:in `render'
/usr/lib/ruby/gems/1.8/gems/actionpack-2.3.5/lib/action_view/template.rb:205:in `render_template'
/usr/lib/ruby/gems/1.8/gems/actionpack-2.3.5/lib/action_view/base.rb:265:in `render'
/usr/lib/ruby/gems/1.8/gems/actionpack-2.3.5/lib/action_view/base.rb:348:in `_render_with_layout'
/usr/lib/ruby/gems/1.8/gems/actionpack-2.3.5/lib/action_view/base.rb:262:in `render'
/usr/lib/ruby/gems/1.8/gems/actionpack-2.3.5/lib/action_controller/base.rb:1250:in `render_for_file'
/usr/lib/ruby/gems/1.8/gems/actionpack-2.3.5/lib/action_controller/base.rb:951:in `render_without_benchmark'
/usr/lib/ruby/gems/1.8/gems/actionpack-2.3.5/lib/action_controller/benchmarking.rb:51:in `render'
/usr/lib/ruby/gems/1.8/gems/activesupport-2.3.5/lib/active_support/core_ext/benchmark.rb:17:in `ms'
/usr/lib/ruby/1.8/benchmark.rb:308:in `realtime'
/usr/lib/ruby/gems/1.8/gems/activesupport-2.3.5/lib/active_support/core_ext/benchmark.rb:17:in `ms'
/usr/lib/ruby/gems/1.8/gems/actionpack-2.3.5/lib/action_controller/benchmarking.rb:51:in `render'
/usr/lib/ruby/gems/1.8/gems/actionpack-2.3.5/lib/action_controller/mime_responds.rb:135:in `send'
/usr/lib/ruby/gems/1.8/gems/actionpack-2.3.5/lib/action_controller/mime_responds.rb:135:in `custom'
/usr/lib/ruby/gems/1.8/gems/actionpack-2.3.5/lib/action_controller/mime_responds.rb:179:in `call'
/usr/lib/ruby/gems/1.8/gems/actionpack-2.3.5/lib/action_controller/mime_responds.rb:179:in `respond'
/usr/lib/ruby/gems/1.8/gems/actionpack-2.3.5/lib/action_controller/mime_responds.rb:173:in `each'
/usr/lib/ruby/gems/1.8/gems/actionpack-2.3.5/lib/action_controller/mime_responds.rb:173:in `respond'
/usr/lib/ruby/gems/1.8/gems/actionpack-2.3.5/lib/action_controller/mime_responds.rb:107:in `respond_to'
/home/usuario/Workspace/blog/app/controllers/posts_controller.rb:19:in `show'
/usr/lib/ruby/gems/1.8/gems/actionpack-2.3.5/lib/action_controller/base.rb:1331:in `send'
/usr/lib/ruby/gems/1.8/gems/actionpack-2.3.5/lib/action_controller/base.rb:1331:in `perform_action_without_filters'
/usr/lib/ruby/gems/1.8/gems/actionpack-2.3.5/lib/action_controller/filters.rb:617:in `call_filters'
/usr/lib/ruby/gems/1.8/gems/actionpack-2.3.5/lib/action_controller/filters.rb:610:in `perform_action_without_benchmark'
/usr/lib/ruby/gems/1.8/gems/actionpack-2.3.5/lib/action_controller/benchmarking.rb:68:in `perform_action_without_rescue'
/usr/lib/ruby/gems/1.8/gems/activesupport-2.3.5/lib/active_support/core_ext/benchmark.rb:17:in `ms'
/usr/lib/ruby/1.8/benchmark.rb:308:in `realtime'
/usr/lib/ruby/gems/1.8/gems/activesupport-2.3.5/lib/active_support/core_ext/benchmark.rb:17:in `ms'
/usr/lib/ruby/gems/1.8/gems/actionpack-2.3.5/lib/action_controller/benchmarking.rb:68:in `perform_action_without_rescue'
/usr/lib/ruby/gems/1.8/gems/actionpack-2.3.5/lib/action_controller/rescue.rb:160:in `perform_action_without_flash'
/usr/lib/ruby/gems/1.8/gems/actionpack-2.3.5/lib/action_controller/flash.rb:146:in `perform_action'
/usr/lib/ruby/gems/1.8/gems/actionpack-2.3.5/lib/action_controller/base.rb:532:in `send'
/usr/lib/ruby/gems/1.8/gems/actionpack-2.3.5/lib/action_controller/base.rb:532:in `process_without_filters'
/usr/lib/ruby/gems/1.8/gems/actionpack-2.3.5/lib/action_controller/filters.rb:606:in `process'
/usr/lib/ruby/gems/1.8/gems/actionpack-2.3.5/lib/action_controller/base.rb:391:in `process'
/usr/lib/ruby/gems/1.8/gems/actionpack-2.3.5/lib/action_controller/base.rb:386:in `call'
/usr/lib/ruby/gems/1.8/gems/actionpack-2.3.5/lib/action_controller/routing/route_set.rb:437:in `call'
/usr/lib/ruby/gems/1.8/gems/actionpack-2.3.5/lib/action_controller/dispatcher.rb:87:in `dispatch'
/usr/lib/ruby/gems/1.8/gems/actionpack-2.3.5/lib/action_controller/dispatcher.rb:121:in `_call'
/usr/lib/ruby/gems/1.8/gems/actionpack-2.3.5/lib/action_controller/dispatcher.rb:130:in `build_middleware_stack'
/usr/lib/ruby/gems/1.8/gems/activerecord-2.3.5/lib/active_record/query_cache.rb:29:in `call'
/usr/lib/ruby/gems/1.8/gems/activerecord-2.3.5/lib/active_record/query_cache.rb:29:in `call'
/usr/lib/ruby/gems/1.8/gems/activerecord-2.3.5/lib/active_record/connection_adapters/abstract/query_cache.rb:34:in `cache'
/usr/lib/ruby/gems/1.8/gems/activerecord-2.3.5/lib/active_record/query_cache.rb:9:in `cache'
/usr/lib/ruby/gems/1.8/gems/activerecord-2.3.5/lib/active_record/query_cache.rb:28:in `call'
/usr/lib/ruby/gems/1.8/gems/activerecord-2.3.5/lib/active_record/connection_adapters/abstract/connection_pool.rb:361:in `call'
/usr/lib/ruby/gems/1.8/gems/actionpack-2.3.5/lib/action_controller/string_coercion.rb:25:in `call'
/usr/lib/ruby/gems/1.8/gems/rack-1.0.1/lib/rack/head.rb:9:in `call'
/usr/lib/ruby/gems/1.8/gems/rack-1.0.1/lib/rack/methodoverride.rb:24:in `call'
/usr/lib/ruby/gems/1.8/gems/actionpack-2.3.5/lib/action_controller/params_parser.rb:15:in `call'
/usr/lib/ruby/gems/1.8/gems/actionpack-2.3.5/lib/action_controller/session/cookie_store.rb:93:in `call'
/usr/lib/ruby/gems/1.8/gems/actionpack-2.3.5/lib/action_controller/failsafe.rb:26:in `call'
/usr/lib/ruby/gems/1.8/gems/rack-1.0.1/lib/rack/lock.rb:11:in `call'
/usr/lib/ruby/gems/1.8/gems/rack-1.0.1/lib/rack/lock.rb:11:in `synchronize'
/usr/lib/ruby/gems/1.8/gems/rack-1.0.1/lib/rack/lock.rb:11:in `call'
/usr/lib/ruby/gems/1.8/gems/actionpack-2.3.5/lib/action_controller/dispatcher.rb:114:in `call'
/usr/lib/ruby/gems/1.8/gems/actionpack-2.3.5/lib/action_controller/reloader.rb:34:in `run'
/usr/lib/ruby/gems/1.8/gems/actionpack-2.3.5/lib/action_controller/dispatcher.rb:108:in `call'
/usr/lib/ruby/gems/1.8/gems/rails-2.3.5/lib/rails/rack/static.rb:31:in `call'
/usr/lib/ruby/gems/1.8/gems/rack-1.0.1/lib/rack/urlmap.rb:46:in `call'
/usr/lib/ruby/gems/1.8/gems/rack-1.0.1/lib/rack/urlmap.rb:40:in `each'
/usr/lib/ruby/gems/1.8/gems/rack-1.0.1/lib/rack/urlmap.rb:40:in `call'
/usr/lib/ruby/gems/1.8/gems/rails-2.3.5/lib/rails/rack/log_tailer.rb:17:in `call'
/usr/lib/ruby/gems/1.8/gems/rack-1.0.1/lib/rack/content_length.rb:13:in `call'
/usr/lib/ruby/gems/1.8/gems/rack-1.0.1/lib/rack/handler/webrick.rb:50:in `service'
/usr/lib/ruby/1.8/webrick/httpserver.rb:104:in `service'
/usr/lib/ruby/1.8/webrick/httpserver.rb:65:in `run'
/usr/lib/ruby/1.8/webrick/server.rb:173:in `start_thread'
/usr/lib/ruby/1.8/webrick/server.rb:162:in `start'
/usr/lib/ruby/1.8/webrick/server.rb:162:in `start_thread'
/usr/lib/ruby/1.8/webrick/server.rb:95:in `start'
/usr/lib/ruby/1.8/webrick/server.rb:92:in `each'
/usr/lib/ruby/1.8/webrick/server.rb:92:in `start'
/usr/lib/ruby/1.8/webrick/server.rb:23:in `start'
/usr/lib/ruby/1.8/webrick/server.rb:82:in `start'
/usr/lib/ruby/gems/1.8/gems/rack-1.0.1/lib/rack/handler/webrick.rb:14:in `run'
/usr/lib/ruby/gems/1.8/gems/rails-2.3.5/lib/commands/server.rb:111
/usr/local/lib/site_ruby/1.8/rubygems/custom_require.rb:31:in `gem_original_require'
/usr/local/lib/site_ruby/1.8/rubygems/custom_require.rb:31:in `require'
script/server:3

ActionView::TemplateError (compile error
/home/usuario/Workspace/blog/app/views/posts/_list_comments.html.erb:24: syntax error, unexpected kENSURE, expecting kEND
/home/usuario/Workspace/blog/app/views/posts/_list_comments.html.erb:26: syntax error, unexpected $end, expecting kEND) on line #24 of app/views/posts/_list_comments.html.erb:
21: <% end %>
22: </table>

    app/views/posts/_list_comments.html.erb:26:in `compile!'
    app/views/posts/show.html.erb:22
    app/controllers/posts_controller.rb:19:in `show'
    /usr/lib/ruby/1.8/webrick/httpserver.rb:104:in `service'
    /usr/lib/ruby/1.8/webrick/httpserver.rb:65:in `run'
    /usr/lib/ruby/1.8/webrick/server.rb:173:in `start_thread'
    /usr/lib/ruby/1.8/webrick/server.rb:162:in `start'
    /usr/lib/ruby/1.8/webrick/server.rb:162:in `start_thread'
    /usr/lib/ruby/1.8/webrick/server.rb:95:in `start'
    /usr/lib/ruby/1.8/webrick/server.rb:92:in `each'
    /usr/lib/ruby/1.8/webrick/server.rb:92:in `start'
    /usr/lib/ruby/1.8/webrick/server.rb:23:in `start'
    /usr/lib/ruby/1.8/webrick/server.rb:82:in `start'

Rendered rescues/_trace (62.6ms)
Rendered rescues/_request_and_response (0.3ms)
Rendering rescues/layout (internal_server_error)


Processing PostsController#show (for 127.0.0.1 at 2010-02-21 04:33:53) [GET]
  Parameters: {"id"=>"1"}
  [4;35;1mPost Load (0.6ms)[0m   [0mSELECT * FROM "posts" WHERE ("posts"."id" = 1) [0m
  [4;36;1mComment Load (0.8ms)[0m   [0;1mSELECT * FROM "comments" [0m
Rendering template within layouts/posts
Rendering posts/show
Rendered posts/_list_comments (6.8ms)
Rendered posts/_new_comment (8.6ms)
Completed in 48ms (View: 27, DB: 1) | 200 OK [http://localhost/posts/1]


Processing CommentsController#create (for 127.0.0.1 at 2010-02-21 04:34:14) [POST]
  Parameters: {"comment"=>{"comment"=>"sdasd", "author"=>"kkk", "site"=>"", "email"=>""}, "commit"=>"Create", "authenticity_token"=>"lFPmknuy9JjQeCgGcyr7FsSn3CLTjaAHdd9vjXky4Sc="}
  [4;35;1mComment Create (0.3ms)[0m   [0mINSERT INTO "comments" ("comment", "created_at", "author", "updated_at", "post_id", "site", "email") VALUES('sdasd', '2010-02-21 07:34:14', 'kkk', '2010-02-21 07:34:14', NULL, '', '')[0m
Redirected to http://localhost:3000/posts/1
Completed in 59ms (DB: 0) | 302 Found [http://localhost/comments]


Processing PostsController#show (for 127.0.0.1 at 2010-02-21 04:34:14) [GET]
  Parameters: {"id"=>"1"}
  [4;36;1mPost Load (0.3ms)[0m   [0;1mSELECT * FROM "posts" WHERE ("posts"."id" = 1) [0m
  [4;35;1mComment Load (0.6ms)[0m   [0mSELECT * FROM "comments" [0m
Rendering template within layouts/posts
Rendering posts/show
Rendered posts/_list_comments (3.0ms)
Rendered posts/_new_comment (4.9ms)
Completed in 26ms (View: 11, DB: 1) | 200 OK [http://localhost/posts/1]


Processing PostsController#index (for 127.0.0.1 at 2010-02-21 04:34:29) [GET]
  [4;36;1mPost Load (1.1ms)[0m   [0;1mSELECT * FROM "posts" [0m
Rendering template within layouts/posts
Rendering posts/index
Completed in 26ms (View: 14, DB: 1) | 200 OK [http://localhost/posts]


Processing PostsController#show (for 127.0.0.1 at 2010-02-21 04:34:31) [GET]
  Parameters: {"id"=>"1"}
  [4;35;1mPost Load (0.5ms)[0m   [0mSELECT * FROM "posts" WHERE ("posts"."id" = 1) [0m
  [4;36;1mComment Load (1.0ms)[0m   [0;1mSELECT * FROM "comments" [0m
Rendering template within layouts/posts
Rendering posts/show
Rendered posts/_list_comments (3.1ms)
Rendered posts/_new_comment (4.9ms)
Completed in 34ms (View: 12, DB: 2) | 200 OK [http://localhost/posts/1]
